<!DOCTYPE html PUBLIC "-//W3C//DTD XHTML 1.1//EN" "https://www.w3.org/TR/xhtml11/DTD/xhtml11.dtd">
<html xmlns="https://www.w3.org/1999/xhtml">
<head>
<meta http-equiv="content-type" content="text/html; charset=UTF-8"/>
<title>TestNG Report</title>
<style type="text/css">table {margin-bottom:10px;border-collapse:collapse;empty-cells:show}th,td {border:1px solid #009;padding:.25em .5em}th {vertical-align:bottom}td {vertical-align:top}table a {font-weight:bold}.stripe td {background-color: #E6EBF9}.num {text-align:right}.passedodd td {background-color: #3F3}.passedeven td {background-color: #0A0}.skippedodd td {background-color: #DDD}.skippedeven td {background-color: #CCC}.failedodd td,.attn {background-color: #F33}.failedeven td,.stripe .attn {background-color: #D00}.stacktrace {white-space:pre;font-family:monospace}.totop {font-size:85%;text-align:center;border-bottom:2px solid #000}.invisible {display:none}</style>
</head>
<body>
<table>
<tr><th>Test</th><th># Passed</th><th># Skipped</th><th># Retried</th><th># Failed</th><th>Time (ms)</th><th>Included Groups</th><th>Excluded Groups</th></tr>
<tr><th colspan="8">Suite</th></tr>
<tr><td><a href="#t0">Landing on HomePage</a></td><td class="num">0</td><td class="num attn">2</td><td class="num">0</td><td class="num">0</td><td class="num">177</td><td></td><td></td></tr>
<tr class="stripe"><td><a href="#t1">Validating the TextBar</a></td><td class="num">0</td><td class="num attn">1</td><td class="num">0</td><td class="num">0</td><td class="num">22</td><td></td><td></td></tr>
<tr><td><a href="#t2">Validating the WebElement</a></td><td class="num">0</td><td class="num attn">1</td><td class="num">0</td><td class="num">0</td><td class="num">32</td><td></td><td></td></tr>
<tr><th>Total</th><th class="num">0</th><th class="num attn">4</th><th class="num">0</th><th class="num">0</th><th class="num">231</th><th colspan="2"></th></tr>
</table>
<table id='summary'><thead><tr><th>Class</th><th>Method</th><th>Start</th><th>Time (ms)</th></tr></thead><tbody><tr><th colspan="4">Suite</th></tr></tbody><tbody id="t0"><tr><th colspan="4">Landing on HomePage &#8212; failed (configuration methods)</th></tr><tr class="failedeven"><td rowspan="1">Package.Test1</td><td><a href="#m0">Intialize</a></td><td rowspan="1">1629393995230</td><td rowspan="1">31</td></tr><tr><th colspan="4">Landing on HomePage &#8212; skipped (configuration methods)</th></tr><tr class="skippedeven"><td rowspan="1">Package.Test1</td><td><a href="#m1">teardown</a></td><td rowspan="1">1629393995391</td><td rowspan="1">-1629393995391</td></tr><tr><th colspan="4">Landing on HomePage &#8212; skipped</th></tr><tr class="skippedeven"><td rowspan="2">Package.Test1</td><td><a href="#m2">UseCase</a></td><td rowspan="2">1629393995360</td><td rowspan="2">0</td></tr><tr class="skippedeven"><td><a href="#m3">UseCase</a></td></tr></tbody>
<tbody id="t1"><tr><th colspan="4">Validating the TextBar &#8212; failed (configuration methods)</th></tr><tr class="failedeven"><td rowspan="1">Package.ValidationBar</td><td><a href="#m4">Intialization</a></td><td rowspan="1">1629393995502</td><td rowspan="1">0</td></tr><tr><th colspan="4">Validating the TextBar &#8212; skipped (configuration methods)</th></tr><tr class="skippedeven"><td rowspan="1">Package.ValidationBar</td><td><a href="#m5">teardown</a></td><td rowspan="1">1629393995512</td><td rowspan="1">-1629393995512</td></tr><tr><th colspan="4">Validating the TextBar &#8212; skipped</th></tr><tr class="skippedeven"><td rowspan="1">Package.ValidationBar</td><td><a href="#m6">UseCase</a></td><td rowspan="1">1629393995510</td><td rowspan="1">0</td></tr></tbody>
<tbody id="t2"><tr><th colspan="4">Validating the WebElement &#8212; failed (configuration methods)</th></tr><tr class="failedeven"><td rowspan="1">Package.Validation</td><td><a href="#m7">Intialization</a></td><td rowspan="1">1629393995542</td><td rowspan="1">0</td></tr><tr><th colspan="4">Validating the WebElement &#8212; skipped (configuration methods)</th></tr><tr class="skippedeven"><td rowspan="1">Package.Validation</td><td><a href="#m8">teardown</a></td><td rowspan="1">1629393995562</td><td rowspan="1">-1629393995562</td></tr><tr><th colspan="4">Validating the WebElement &#8212; skipped</th></tr><tr class="skippedeven"><td rowspan="1">Package.Validation</td><td><a href="#m9">UseCase</a></td><td rowspan="1">1629393995552</td><td rowspan="1">0</td></tr></tbody>
</table>
<h2>Landing on HomePage</h2><h3 id="m0">Package.Test1#Intialize</h3><table class="result"><tr><th>Exception</th></tr><tr><td><div class="stacktrace">java.io.FileNotFoundException: F:\Selenium Project WorkspacesProJect\E2E\src\main\java\Resources\Data.properties (The system cannot find the path specified)
	at java.base/java.io.FileInputStream.open0(Native Method)
	at java.base/java.io.FileInputStream.open(FileInputStream.java:219)
	at java.base/java.io.FileInputStream.&lt;init&gt;(FileInputStream.java:157)
	at java.base/java.io.FileInputStream.&lt;init&gt;(FileInputStream.java:112)
	at Resources.BaseClass.Intiallization(BaseClass.java:28)
	at Package.Test1.Intialize(Test1.java:33)
... Removed 24 stack frames</div></td></tr></table><p class="totop"><a href="#summary">back to summary</a></p>
<h3 id="m1">Package.Test1#teardown</h3><table class="result"><tr><th class="invisible"/></tr></table><p class="totop"><a href="#summary">back to summary</a></p>
<h3 id="m2">Package.Test1#UseCase</h3><table class="result"><tr class="param"><th>Parameter #1</th><th>Parameter #2</th><th>Parameter #3</th></tr><tr class="param stripe"><td>geniun customer</td><td>45845</td><td>text</td></tr><tr><th colspan="3">Exception</th></tr><tr><td colspan="3"><div class="stacktrace">java.io.FileNotFoundException: F:\Selenium Project WorkspacesProJect\E2E\src\main\java\Resources\Data.properties (The system cannot find the path specified)
	at java.base/java.io.FileInputStream.open0(Native Method)
	at java.base/java.io.FileInputStream.open(FileInputStream.java:219)
	at java.base/java.io.FileInputStream.&lt;init&gt;(FileInputStream.java:157)
	at java.base/java.io.FileInputStream.&lt;init&gt;(FileInputStream.java:112)
	at Resources.BaseClass.Intiallization(BaseClass.java:28)
	at Package.Test1.Intialize(Test1.java:33)
... Removed 24 stack frames</div></td></tr></table><p class="totop"><a href="#summary">back to summary</a></p>
<h3 id="m3">Package.Test1#UseCase</h3><table class="result"><tr class="param"><th>Parameter #1</th><th>Parameter #2</th><th>Parameter #3</th></tr><tr class="param stripe"><td>Fraud customer</td><td>45120</td><td>texting</td></tr><tr><th colspan="3">Exception</th></tr><tr><td colspan="3"><div class="stacktrace">java.io.FileNotFoundException: F:\Selenium Project WorkspacesProJect\E2E\src\main\java\Resources\Data.properties (The system cannot find the path specified)
	at java.base/java.io.FileInputStream.open0(Native Method)
	at java.base/java.io.FileInputStream.open(FileInputStream.java:219)
	at java.base/java.io.FileInputStream.&lt;init&gt;(FileInputStream.java:157)
	at java.base/java.io.FileInputStream.&lt;init&gt;(FileInputStream.java:112)
	at Resources.BaseClass.Intiallization(BaseClass.java:28)
	at Package.Test1.Intialize(Test1.java:33)
... Removed 24 stack frames</div></td></tr></table><p class="totop"><a href="#summary">back to summary</a></p>
<h2>Validating the TextBar</h2><h3 id="m4">Package.ValidationBar#Intialization</h3><table class="result"><tr><th>Exception</th></tr><tr><td><div class="stacktrace">java.io.FileNotFoundException: F:\Selenium Project WorkspacesProJect\E2E\src\main\java\Resources\Data.properties (The system cannot find the path specified)
	at java.base/java.io.FileInputStream.open0(Native Method)
	at java.base/java.io.FileInputStream.open(FileInputStream.java:219)
	at java.base/java.io.FileInputStream.&lt;init&gt;(FileInputStream.java:157)
	at java.base/java.io.FileInputStream.&lt;init&gt;(FileInputStream.java:112)
	at Resources.BaseClass.Intiallization(BaseClass.java:28)
	at Package.ValidationBar.Intialization(ValidationBar.java:29)
... Removed 24 stack frames</div></td></tr></table><p class="totop"><a href="#summary">back to summary</a></p>
<h3 id="m5">Package.ValidationBar#teardown</h3><table class="result"><tr><th class="invisible"/></tr></table><p class="totop"><a href="#summary">back to summary</a></p>
<h3 id="m6">Package.ValidationBar#UseCase</h3><table class="result"><tr><th>Exception</th></tr><tr><td><div class="stacktrace">java.io.FileNotFoundException: F:\Selenium Project WorkspacesProJect\E2E\src\main\java\Resources\Data.properties (The system cannot find the path specified)
	at java.base/java.io.FileInputStream.open0(Native Method)
	at java.base/java.io.FileInputStream.open(FileInputStream.java:219)
	at java.base/java.io.FileInputStream.&lt;init&gt;(FileInputStream.java:157)
	at java.base/java.io.FileInputStream.&lt;init&gt;(FileInputStream.java:112)
	at Resources.BaseClass.Intiallization(BaseClass.java:28)
	at Package.ValidationBar.Intialization(ValidationBar.java:29)
... Removed 24 stack frames</div></td></tr></table><p class="totop"><a href="#summary">back to summary</a></p>
<h2>Validating the WebElement</h2><h3 id="m7">Package.Validation#Intialization</h3><table class="result"><tr><th>Exception</th></tr><tr><td><div class="stacktrace">java.io.FileNotFoundException: F:\Selenium Project WorkspacesProJect\E2E\src\main\java\Resources\Data.properties (The system cannot find the path specified)
	at java.base/java.io.FileInputStream.open0(Native Method)
	at java.base/java.io.FileInputStream.open(FileInputStream.java:219)
	at java.base/java.io.FileInputStream.&lt;init&gt;(FileInputStream.java:157)
	at java.base/java.io.FileInputStream.&lt;init&gt;(FileInputStream.java:112)
	at Resources.BaseClass.Intiallization(BaseClass.java:28)
	at Package.Validation.Intialization(Validation.java:27)
... Removed 24 stack frames</div></td></tr></table><p class="totop"><a href="#summary">back to summary</a></p>
<h3 id="m8">Package.Validation#teardown</h3><table class="result"><tr><th class="invisible"/></tr></table><p class="totop"><a href="#summary">back to summary</a></p>
<h3 id="m9">Package.Validation#UseCase</h3><table class="result"><tr><th>Exception</th></tr><tr><td><div class="stacktrace">java.io.FileNotFoundException: F:\Selenium Project WorkspacesProJect\E2E\src\main\java\Resources\Data.properties (The system cannot find the path specified)
	at java.base/java.io.FileInputStream.open0(Native Method)
	at java.base/java.io.FileInputStream.open(FileInputStream.java:219)
	at java.base/java.io.FileInputStream.&lt;init&gt;(FileInputStream.java:157)
	at java.base/java.io.FileInputStream.&lt;init&gt;(FileInputStream.java:112)
	at Resources.BaseClass.Intiallization(BaseClass.java:28)
	at Package.Validation.Intialization(Validation.java:27)
... Removed 24 stack frames</div></td></tr></table><p class="totop"><a href="#summary">back to summary</a></p>
</body>
</html>
