<?xml version="1.0" encoding="UTF-8"?>
<!-- Generated by org.testng.reporters.JUnitXMLReporter -->
<testsuite ignored="0" hostname="LAPTOP-SCKJD8AC" failures="1" tests="11" name="Personal loan" time="0.111" errors="0" timestamp="2020-12-13T15:23:23 IST">
  <testcase classname="Part18.TestNG1" name="Demo" time="0.006"/>
  <testcase classname="Part18.TestNG1" name="Orange" time="0.006">
    <failure type="java.lang.AssertionError" message="expected [true] but found [false]">
      <![CDATA[java.lang.AssertionError: expected [true] but found [false]
at Part18.TestNG1.Orange(TestNG1.java:37)
at java.base/java.util.ArrayList.forEach(ArrayList.java:1541)
... Removed 31 stack frames]]>
    </failure>
  </testcase> <!-- Orange -->
  <testcase classname="Part18.TestNG1" name="SecondTest" time="0.002"/>
  <testcase classname="Part18.TestNG2" name="Extra" time="0.002"/>
  <testcase classname="Part18.TestNG2" name="Ploan" time="0.002"/>
  <testcase classname="Part18.TestNG4" name="APILoginHome" time="0.003"/>
  <testcase classname="Part18.TestNG4" name="WebLoginHome" time="0.003"/>
  <testcase classname="Part18.TestNG4" name="zmultimethods" time="0.002"/>
  <testcase classname="Part18.TestNG4" name="zmultimethods" time="0.002"/>
  <testcase classname="Part18.TestNG4" name="zmultimethods" time="0.002"/>
  <testcase classname="Part18.TestNG4" name="MobileLoginHome" time="0.001"/>
</testsuite> <!-- Personal loan -->
